# JRE version: Java(TM) SE Runtime Environment 18.9 (11.0.10+8) (build 11.0.10+8-LTS-162)
# Java VM: Java HotSpot(TM) 64-Bit Server VM 18.9 (11.0.10+8-LTS-162, mixed mode, tiered, compressed oops, g1 gc, bsd-amd64)
Heap:
 garbage-first heap   total 262144K, used 17152K [0x0000000700000000, 0x0000000800000000)
  region size 1024K, 15 young (15360K), 6 survivors (6144K)
 Metaspace       used 33959K, capacity 34511K, committed 34864K, reserved 1081344K
  class space    used 3730K, capacity 3943K, committed 3968K, reserved 1048576K
GC Heap History (6 events):
Event: 1.185 GC heap before
{Heap before GC invocations=0 (full 0):
 garbage-first heap   total 262144K, used 23552K [0x0000000700000000, 0x0000000800000000)
  region size 1024K, 24 young (24576K), 0 survivors (0K)
 Metaspace       used 14955K, capacity 15227K, committed 15488K, reserved 1062912K
  class space    used 1516K, capacity 1587K, committed 1664K, reserved 1048576K
}
Event: 1.195 GC heap after
{Heap after GC invocations=1 (full 0):
 garbage-first heap   total 262144K, used 3227K [0x0000000700000000, 0x0000000800000000)
  region size 1024K, 3 young (3072K), 3 survivors (3072K)
 Metaspace       used 14955K, capacity 15227K, committed 15488K, reserved 1062912K
  class space    used 1516K, capacity 1587K, committed 1664K, reserved 1048576K
}
Event: 1.951 GC heap before
{Heap before GC invocations=1 (full 0):
 garbage-first heap   total 262144K, used 28827K [0x0000000700000000, 0x0000000800000000)
  region size 1024K, 29 young (29696K), 3 survivors (3072K)
 Metaspace       used 20673K, capacity 20988K, committed 21296K, reserved 1069056K
  class space    used 2152K, capacity 2320K, committed 2432K, reserved 1048576K
}
Event: 1.960 GC heap after
{Heap after GC invocations=2 (full 0):
 garbage-first heap   total 262144K, used 5050K [0x0000000700000000, 0x0000000800000000)
  region size 1024K, 5 young (5120K), 5 survivors (5120K)
 Metaspace       used 20673K, capacity 20988K, committed 21296K, reserved 1069056K
  class space    used 2152K, capacity 2320K, committed 2432K, reserved 1048576K
}
Event: 18.502 GC heap before
{Heap before GC invocations=3 (full 0):
 garbage-first heap   total 262144K, used 49082K [0x0000000700000000, 0x0000000800000000)
  region size 1024K, 48 young (49152K), 5 survivors (5120K)
 Metaspace       used 30633K, capacity 31183K, committed 31408K, reserved 1077248K
  class space    used 3312K, capacity 3537K, committed 3584K, reserved 1048576K
}
Event: 18.517 GC heap after
{Heap after GC invocations=4 (full 0):
 garbage-first heap   total 262144K, used 8960K [0x0000000700000000, 0x0000000800000000)
  region size 1024K, 6 young (6144K), 6 survivors (6144K)
 Metaspace       used 30633K, capacity 31183K, committed 31408K, reserved 1077248K
  class space    used 3312K, capacity 3537K, committed 3584K, reserved 1048576K
}

